Removed Pin From Net: NetName=NetJ7_3 Pin=J7-3
Removed Pin From Net: NetName=NetJ6_3 Pin=MCU1-4
Removed Pin From Net: NetName=NetJ6_1 Pin=MCU1-6
Removed Pin From Net: NetName=NetJ5_3 Pin=MCU1-7
Removed Pin From Net: NetName=NetJ5_1 Pin=MCU1-9
Removed Pin From Net: NetName=NetJ4_3 Pin=MCU1-10
Removed Pin From Net: NetName=NetJ4_1 Pin=MCU1-12
Removed Pin From Net: NetName=NetJ3_3 Pin=MCU1-13
Removed Pin From Net: NetName=NetJ3_1 Pin=MCU1-15
Removed Pin From Net: NetName=NetJ2_2 Pin=MCU1-16
Removed Pin From Net: NetName=NetJ2_1 Pin=MCU1-17
Added Pin To Net: NetName=NetJ7_3 Pin=J7-1
Added Pin To Net: NetName=NetJ6_1 Pin=MCU1-4
Added Pin To Net: NetName=NetJ6_3 Pin=MCU1-6
Added Pin To Net: NetName=NetJ5_1 Pin=MCU1-7
Added Pin To Net: NetName=NetJ5_3 Pin=MCU1-9
Added Pin To Net: NetName=NetJ4_1 Pin=MCU1-10
Added Pin To Net: NetName=NetJ4_3 Pin=MCU1-12
Added Pin To Net: NetName=NetJ3_1 Pin=MCU1-13
Added Pin To Net: NetName=NetJ3_3 Pin=MCU1-15
Added Pin To Net: NetName=NetJ2_1 Pin=MCU1-16
Added Pin To Net: NetName=NetJ2_2 Pin=MCU1-17
Change Net Name : Old Net Name=NetJ7_3 New Net Name=NetJ7_1
Added Pin To Net: NetName=NetJ7_3 Pin=J7-3
Added Pin To Net: NetName=NetJ7_3 Pin=MCU1-3
Added Net: Name=NetJ7_3
Added Room: Name=Sch_Lab_2
